2020-08-26 12:12:50.634  INFO 5960 --- [restartedMain] c.r.InterestRateServiceApplication       : No active profile set, falling back to default profiles: default
2020-08-26 12:12:56.157  INFO 5960 --- [restartedMain] o.apache.catalina.core.StandardService   : Starting service [Tomcat]
2020-08-26 12:12:56.158  INFO 5960 --- [restartedMain] org.apache.catalina.core.StandardEngine  : Starting Servlet engine: [Apache Tomcat/9.0.36]
2020-08-26 12:13:03.695  INFO 5960 --- [restartedMain] o.a.c.c.C.[Tomcat].[localhost].[/]       : Initializing Spring embedded WebApplicationContext
2020-08-26 12:13:08.766  INFO 5960 --- [task-1] o.hibernate.jpa.internal.util.LogHelper  : HHH000204: Processing PersistenceUnitInfo [name: default]
2020-08-26 12:13:09.345  INFO 5960 --- [task-1] org.hibernate.Version                    : HHH000412: Hibernate ORM core version 5.4.17.Final
2020-08-26 12:13:09.893  INFO 5960 --- [task-1] o.hibernate.annotations.common.Version   : HCANN000001: Hibernate Commons Annotations {5.1.0.Final}
2020-08-26 12:13:09.996  WARN 5960 --- [restartedMain] JpaBaseConfiguration$JpaWebConfiguration : spring.jpa.open-in-view is enabled by default. Therefore, database queries may be performed during view rendering. Explicitly configure spring.jpa.open-in-view to disable this warning
2020-08-26 12:13:10.341  INFO 5960 --- [task-1] com.zaxxer.hikari.HikariDataSource       : HikariPool-1 - Starting...
2020-08-26 12:13:11.645  INFO 5960 --- [restartedMain] pertySourcedRequestMappingHandlerMapping : Mapped URL path [/v2/api-docs] onto method [springfox.documentation.swagger2.web.Swagger2Controller#getDocumentation(String, HttpServletRequest)]
2020-08-26 12:13:17.041  INFO 5960 --- [task-1] com.zaxxer.hikari.HikariDataSource       : HikariPool-1 - Start completed.
2020-08-26 12:13:17.128  INFO 5960 --- [task-1] org.hibernate.dialect.Dialect            : HHH000400: Using dialect: org.hibernate.dialect.MySQL57Dialect
2020-08-26 12:13:21.413  INFO 5960 --- [task-1] o.h.e.t.j.p.i.JtaPlatformInitiator       : HHH000490: Using JtaPlatform implementation: [org.hibernate.engine.transaction.jta.platform.internal.NoJtaPlatform]
2020-08-26 12:13:23.199  INFO 5960 --- [restartedMain] d.s.w.p.DocumentationPluginsBootstrapper : Context refreshed
2020-08-26 12:13:23.279  INFO 5960 --- [restartedMain] d.s.w.p.DocumentationPluginsBootstrapper : Found 1 custom documentation plugin(s)
2020-08-26 12:13:23.428  INFO 5960 --- [restartedMain] s.d.s.w.s.ApiListingReferenceScanner     : Scanning for api listing references
2020-08-26 12:13:24.938  INFO 5960 --- [restartedMain] c.r.InterestRateServiceApplication       : Started InterestRateServiceApplication in 47.714 seconds (JVM running for 49.081)
2020-08-26 12:23:25.272  INFO 5960 --- [http-nio-9096-exec-2] o.a.c.c.C.[Tomcat].[localhost].[/]       : Initializing Spring DispatcherServlet 'dispatcherServlet'
2020-08-26 12:32:58.849  INFO 5960 --- [RMI TCP Connection(29)-127.0.0.1] o.apache.catalina.core.StandardService   : Stopping service [Tomcat]
2020-08-26 12:32:58.999  INFO 5960 --- [RMI TCP Connection(29)-127.0.0.1] o.a.c.c.C.[Tomcat].[localhost].[/]       : Destroying Spring FrameworkServlet 'dispatcherServlet'
2020-08-26 12:32:59.325  INFO 5960 --- [RMI TCP Connection(29)-127.0.0.1] com.zaxxer.hikari.HikariDataSource       : HikariPool-1 - Shutdown initiated...
2020-08-26 12:32:59.478  INFO 5960 --- [RMI TCP Connection(29)-127.0.0.1] com.zaxxer.hikari.HikariDataSource       : HikariPool-1 - Shutdown completed.
2020-08-26 12:41:07.369  INFO 8476 --- [restartedMain] c.r.InterestRateServiceApplication       : No active profile set, falling back to default profiles: default
2020-08-26 12:41:14.384  INFO 8476 --- [restartedMain] o.apache.catalina.core.StandardService   : Starting service [Tomcat]
2020-08-26 12:41:14.385  INFO 8476 --- [restartedMain] org.apache.catalina.core.StandardEngine  : Starting Servlet engine: [Apache Tomcat/9.0.36]
2020-08-26 12:41:19.888  INFO 8476 --- [restartedMain] o.a.c.c.C.[Tomcat].[localhost].[/]       : Initializing Spring embedded WebApplicationContext
2020-08-26 12:41:30.927  INFO 8476 --- [task-1] o.hibernate.jpa.internal.util.LogHelper  : HHH000204: Processing PersistenceUnitInfo [name: default]
2020-08-26 12:41:37.747  INFO 8476 --- [task-1] org.hibernate.Version                    : HHH000412: Hibernate ORM core version 5.4.17.Final
2020-08-26 12:41:57.000  WARN 8476 --- [restartedMain] JpaBaseConfiguration$JpaWebConfiguration : spring.jpa.open-in-view is enabled by default. Therefore, database queries may be performed during view rendering. Explicitly configure spring.jpa.open-in-view to disable this warning
2020-08-26 12:42:02.104  INFO 8476 --- [task-1] o.hibernate.annotations.common.Version   : HCANN000001: Hibernate Commons Annotations {5.1.0.Final}
2020-08-26 12:42:05.320  INFO 8476 --- [restartedMain] pertySourcedRequestMappingHandlerMapping : Mapped URL path [/v2/api-docs] onto method [springfox.documentation.swagger2.web.Swagger2Controller#getDocumentation(String, HttpServletRequest)]
2020-08-26 12:42:06.242  INFO 8476 --- [task-1] com.zaxxer.hikari.HikariDataSource       : HikariPool-1 - Starting...
2020-08-26 12:42:25.344  INFO 8476 --- [task-1] com.zaxxer.hikari.HikariDataSource       : HikariPool-1 - Start completed.
2020-08-26 12:42:25.902  INFO 8476 --- [task-1] org.hibernate.dialect.Dialect            : HHH000400: Using dialect: org.hibernate.dialect.MySQL57Dialect
2020-08-26 12:42:30.541  INFO 8476 --- [task-1] o.h.e.t.j.p.i.JtaPlatformInitiator       : HHH000490: Using JtaPlatform implementation: [org.hibernate.engine.transaction.jta.platform.internal.NoJtaPlatform]
2020-08-26 12:42:33.061  INFO 8476 --- [restartedMain] d.s.w.p.DocumentationPluginsBootstrapper : Context refreshed
2020-08-26 12:42:33.142  INFO 8476 --- [restartedMain] d.s.w.p.DocumentationPluginsBootstrapper : Found 1 custom documentation plugin(s)
2020-08-26 12:42:33.263  INFO 8476 --- [restartedMain] s.d.s.w.s.ApiListingReferenceScanner     : Scanning for api listing references
2020-08-26 12:42:34.389  INFO 8476 --- [restartedMain] c.r.InterestRateServiceApplication       : Started InterestRateServiceApplication in 106.548 seconds (JVM running for 112.353)
2020-08-26 13:23:42.115  INFO 8476 --- [http-nio-9096-exec-1] o.a.c.c.C.[Tomcat].[localhost].[/]       : Initializing Spring DispatcherServlet 'dispatcherServlet'
2020-08-26 13:49:53.296  INFO 8476 --- [RMI TCP Connection(77)-127.0.0.1] o.apache.catalina.core.StandardService   : Stopping service [Tomcat]
2020-08-26 13:49:53.323  INFO 8476 --- [RMI TCP Connection(77)-127.0.0.1] o.a.c.c.C.[Tomcat].[localhost].[/]       : Destroying Spring FrameworkServlet 'dispatcherServlet'
2020-08-26 13:49:53.400  INFO 8476 --- [RMI TCP Connection(77)-127.0.0.1] com.zaxxer.hikari.HikariDataSource       : HikariPool-1 - Shutdown initiated...
2020-08-26 13:49:53.408  INFO 8476 --- [RMI TCP Connection(77)-127.0.0.1] com.zaxxer.hikari.HikariDataSource       : HikariPool-1 - Shutdown completed.
2020-08-26 13:52:57.854  INFO 6528 --- [restartedMain] c.r.InterestRateServiceApplication       : No active profile set, falling back to default profiles: default
2020-08-26 13:53:01.389  INFO 6528 --- [restartedMain] o.apache.catalina.core.StandardService   : Starting service [Tomcat]
2020-08-26 13:53:01.390  INFO 6528 --- [restartedMain] org.apache.catalina.core.StandardEngine  : Starting Servlet engine: [Apache Tomcat/9.0.36]
2020-08-26 13:53:01.572  INFO 6528 --- [restartedMain] o.a.c.c.C.[Tomcat].[localhost].[/]       : Initializing Spring embedded WebApplicationContext
2020-08-26 13:53:02.428  INFO 6528 --- [task-1] o.hibernate.jpa.internal.util.LogHelper  : HHH000204: Processing PersistenceUnitInfo [name: default]
2020-08-26 13:53:02.676  INFO 6528 --- [task-1] org.hibernate.Version                    : HHH000412: Hibernate ORM core version 5.4.17.Final
2020-08-26 13:53:03.165  INFO 6528 --- [task-1] o.hibernate.annotations.common.Version   : HCANN000001: Hibernate Commons Annotations {5.1.0.Final}
2020-08-26 13:53:03.174  WARN 6528 --- [restartedMain] JpaBaseConfiguration$JpaWebConfiguration : spring.jpa.open-in-view is enabled by default. Therefore, database queries may be performed during view rendering. Explicitly configure spring.jpa.open-in-view to disable this warning
2020-08-26 13:53:03.478  INFO 6528 --- [task-1] com.zaxxer.hikari.HikariDataSource       : HikariPool-1 - Starting...
2020-08-26 13:53:04.064  INFO 6528 --- [task-1] com.zaxxer.hikari.HikariDataSource       : HikariPool-1 - Start completed.
2020-08-26 13:53:04.111  INFO 6528 --- [restartedMain] pertySourcedRequestMappingHandlerMapping : Mapped URL path [/v2/api-docs] onto method [springfox.documentation.swagger2.web.Swagger2Controller#getDocumentation(String, HttpServletRequest)]
2020-08-26 13:53:04.120  INFO 6528 --- [task-1] org.hibernate.dialect.Dialect            : HHH000400: Using dialect: org.hibernate.dialect.MySQL57Dialect
2020-08-26 13:53:05.945  INFO 6528 --- [task-1] o.h.e.t.j.p.i.JtaPlatformInitiator       : HHH000490: Using JtaPlatform implementation: [org.hibernate.engine.transaction.jta.platform.internal.NoJtaPlatform]
2020-08-26 13:53:07.490  INFO 6528 --- [restartedMain] d.s.w.p.DocumentationPluginsBootstrapper : Context refreshed
2020-08-26 13:53:07.648  INFO 6528 --- [restartedMain] d.s.w.p.DocumentationPluginsBootstrapper : Found 1 custom documentation plugin(s)
2020-08-26 13:53:07.733  INFO 6528 --- [restartedMain] s.d.s.w.s.ApiListingReferenceScanner     : Scanning for api listing references
2020-08-26 13:53:08.588  INFO 6528 --- [restartedMain] c.r.InterestRateServiceApplication       : Started InterestRateServiceApplication in 21.866 seconds (JVM running for 23.322)
2020-08-26 13:53:17.706  INFO 6528 --- [http-nio-9096-exec-1] o.a.c.c.C.[Tomcat].[localhost].[/]       : Initializing Spring DispatcherServlet 'dispatcherServlet'
2020-08-26 13:56:01.085 DEBUG 6528 --- [http-nio-9096-exec-6] c.r.resource.InterestRateController      : tenure:1
2020-08-26 13:57:05.653  WARN 6528 --- [http-nio-9096-exec-9] .w.s.m.s.DefaultHandlerExceptionResolver : Resolved [org.springframework.http.converter.HttpMessageNotReadableException: Required request body is missing: public com.ramumani.model.InterestRate com.ramumani.resource.InterestRateController.saveInterestRate(com.ramumani.model.InterestRate)]
2020-08-26 13:59:29.209  INFO 6528 --- [RMI TCP Connection(14)-127.0.0.1] o.apache.catalina.core.StandardService   : Stopping service [Tomcat]
2020-08-26 13:59:29.212  INFO 6528 --- [RMI TCP Connection(14)-127.0.0.1] o.a.c.c.C.[Tomcat].[localhost].[/]       : Destroying Spring FrameworkServlet 'dispatcherServlet'
2020-08-26 13:59:29.240  INFO 6528 --- [RMI TCP Connection(14)-127.0.0.1] com.zaxxer.hikari.HikariDataSource       : HikariPool-1 - Shutdown initiated...
2020-08-26 13:59:29.253  INFO 6528 --- [RMI TCP Connection(14)-127.0.0.1] com.zaxxer.hikari.HikariDataSource       : HikariPool-1 - Shutdown completed.
2020-08-26 14:39:59.579  INFO 6072 --- [restartedMain] c.r.InterestRateServiceApplication       : No active profile set, falling back to default profiles: default
2020-08-26 14:40:03.916  INFO 6072 --- [restartedMain] o.apache.catalina.core.StandardService   : Starting service [Tomcat]
2020-08-26 14:40:03.917  INFO 6072 --- [restartedMain] org.apache.catalina.core.StandardEngine  : Starting Servlet engine: [Apache Tomcat/9.0.36]
2020-08-26 14:40:04.102  INFO 6072 --- [restartedMain] o.a.c.c.C.[Tomcat].[localhost].[/]       : Initializing Spring embedded WebApplicationContext
2020-08-26 14:40:04.805  INFO 6072 --- [task-1] o.hibernate.jpa.internal.util.LogHelper  : HHH000204: Processing PersistenceUnitInfo [name: default]
2020-08-26 14:40:05.099  INFO 6072 --- [task-1] org.hibernate.Version                    : HHH000412: Hibernate ORM core version 5.4.17.Final
2020-08-26 14:40:05.627  WARN 6072 --- [restartedMain] JpaBaseConfiguration$JpaWebConfiguration : spring.jpa.open-in-view is enabled by default. Therefore, database queries may be performed during view rendering. Explicitly configure spring.jpa.open-in-view to disable this warning
2020-08-26 14:40:05.633  INFO 6072 --- [task-1] o.hibernate.annotations.common.Version   : HCANN000001: Hibernate Commons Annotations {5.1.0.Final}
2020-08-26 14:40:05.873  INFO 6072 --- [task-1] com.zaxxer.hikari.HikariDataSource       : HikariPool-1 - Starting...
2020-08-26 14:40:06.427  INFO 6072 --- [task-1] com.zaxxer.hikari.HikariDataSource       : HikariPool-1 - Start completed.
2020-08-26 14:40:06.502  INFO 6072 --- [restartedMain] pertySourcedRequestMappingHandlerMapping : Mapped URL path [/v2/api-docs] onto method [springfox.documentation.swagger2.web.Swagger2Controller#getDocumentation(String, HttpServletRequest)]
2020-08-26 14:40:06.608  INFO 6072 --- [task-1] org.hibernate.dialect.Dialect            : HHH000400: Using dialect: org.hibernate.dialect.MySQL57Dialect
2020-08-26 14:40:21.336  INFO 6072 --- [task-1] o.h.e.t.j.p.i.JtaPlatformInitiator       : HHH000490: Using JtaPlatform implementation: [org.hibernate.engine.transaction.jta.platform.internal.NoJtaPlatform]
2020-08-26 14:40:23.880  INFO 6072 --- [restartedMain] d.s.w.p.DocumentationPluginsBootstrapper : Context refreshed
2020-08-26 14:40:23.960  INFO 6072 --- [restartedMain] d.s.w.p.DocumentationPluginsBootstrapper : Found 1 custom documentation plugin(s)
2020-08-26 14:40:24.043  INFO 6072 --- [restartedMain] s.d.s.w.s.ApiListingReferenceScanner     : Scanning for api listing references
2020-08-26 14:40:25.179  INFO 6072 --- [restartedMain] c.r.InterestRateServiceApplication       : Started InterestRateServiceApplication in 34.775 seconds (JVM running for 36.054)
2020-08-26 14:42:36.555  INFO 6072 --- [http-nio-9096-exec-1] o.a.c.c.C.[Tomcat].[localhost].[/]       : Initializing Spring DispatcherServlet 'dispatcherServlet'
2020-08-26 14:42:44.882  WARN 6072 --- [http-nio-9096-exec-3] .w.s.m.s.DefaultHandlerExceptionResolver : Resolved [org.springframework.web.bind.MethodArgumentNotValidException: Validation failed for argument [0] in public com.ramumani.model.InterestRate com.ramumani.resource.InterestRateController.saveInterestRate(com.ramumani.model.InterestRate): [Field error in object 'interestRate' on field 'tenure': rejected value [null]; codes [NotNull.interestRate.tenure,NotNull.tenure,NotNull.java.lang.String,NotNull]; arguments [org.springframework.context.support.DefaultMessageSourceResolvable: codes [interestRate.tenure,tenure]; arguments []; default message [tenure]]; default message [Tenure is required]] ]
2020-08-26 14:43:17.144  INFO 6072 --- [RMI TCP Connection(11)-127.0.0.1] o.apache.catalina.core.StandardService   : Stopping service [Tomcat]
2020-08-26 14:43:17.162  INFO 6072 --- [RMI TCP Connection(11)-127.0.0.1] o.a.c.c.C.[Tomcat].[localhost].[/]       : Destroying Spring FrameworkServlet 'dispatcherServlet'
2020-08-26 14:43:17.251  INFO 6072 --- [RMI TCP Connection(11)-127.0.0.1] com.zaxxer.hikari.HikariDataSource       : HikariPool-1 - Shutdown initiated...
2020-08-26 14:43:17.304  INFO 6072 --- [RMI TCP Connection(11)-127.0.0.1] com.zaxxer.hikari.HikariDataSource       : HikariPool-1 - Shutdown completed.
